Classic Timing Analyzer report for Hamming
Sun Jan 09 12:59:25 2022
Quartus II Version 9.1 Build 350 03/24/2010 Service Pack 2 SJ Web Edition


---------------------
; Table of Contents ;
---------------------
  1. Legal Notice
  2. Timing Analyzer Summary
  3. Timing Analyzer Settings
  4. Clock Settings Summary
  5. Parallel Compilation
  6. Clock Setup: 'Clock'
  7. tsu
  8. tco
  9. th
 10. Timing Analyzer Messages



----------------
; Legal Notice ;
----------------
Copyright (C) 1991-2010 Altera Corporation
Your use of Altera Corporation's design tools, logic functions 
and other software and tools, and its AMPP partner logic 
functions, and any output files from any of the foregoing 
(including device programming or simulation files), and any 
associated documentation or information are expressly subject 
to the terms and conditions of the Altera Program License 
Subscription Agreement, Altera MegaCore Function License 
Agreement, or other applicable license agreement, including, 
without limitation, that your use is for the sole purpose of 
programming logic devices manufactured by Altera and sold by 
Altera or its authorized distributors.  Please refer to the 
applicable agreement for further details.



+----------------------------------------------------------------------------------------------------------------------------------------------------------------------------------------------------------+
; Timing Analyzer Summary                                                                                                                                                                                  ;
+------------------------------+-------+---------------+----------------------------------+-------------------------+-----------------------------------------------+------------+----------+--------------+
; Type                         ; Slack ; Required Time ; Actual Time                      ; From                    ; To                                            ; From Clock ; To Clock ; Failed Paths ;
+------------------------------+-------+---------------+----------------------------------+-------------------------+-----------------------------------------------+------------+----------+--------------+
; Worst-case tsu               ; N/A   ; None          ; 5.618 ns                         ; ReverseBitIndex[1]      ; interupter:inst2|act                          ; --         ; Clock    ; 0            ;
; Worst-case tco               ; N/A   ; None          ; 7.375 ns                         ; receiver:inst|output[5] ; output[5]                                     ; Clock      ; --       ; 0            ;
; Worst-case th                ; N/A   ; None          ; -0.086 ns                        ; reset                   ; interupter:inst2|\interruptProcess:counter[2] ; --         ; Clock    ; 0            ;
; Clock Setup: 'Clock'         ; N/A   ; None          ; 140.49 MHz ( period = 7.118 ns ) ; sender:inst1|data       ; receiver:inst|\receiving_process:hamin[8]     ; Clock      ; Clock    ; 0            ;
; Total number of failed paths ;       ;               ;                                  ;                         ;                                               ;            ;          ; 0            ;
+------------------------------+-------+---------------+----------------------------------+-------------------------+-----------------------------------------------+------------+----------+--------------+


+-----------------------------------------------------------------------------------------------------------------------------------------------------+
; Timing Analyzer Settings                                                                                                                            ;
+------------------------------------------------------------------------------------------------------+--------------------+------+----+-------------+
; Option                                                                                               ; Setting            ; From ; To ; Entity Name ;
+------------------------------------------------------------------------------------------------------+--------------------+------+----+-------------+
; Device Name                                                                                          ; EP1C3T100C6        ;      ;    ;             ;
; Timing Models                                                                                        ; Final              ;      ;    ;             ;
; Default hold multicycle                                                                              ; Same as Multicycle ;      ;    ;             ;
; Cut paths between unrelated clock domains                                                            ; On                 ;      ;    ;             ;
; Cut off read during write signal paths                                                               ; On                 ;      ;    ;             ;
; Cut off feedback from I/O pins                                                                       ; On                 ;      ;    ;             ;
; Report Combined Fast/Slow Timing                                                                     ; Off                ;      ;    ;             ;
; Ignore Clock Settings                                                                                ; Off                ;      ;    ;             ;
; Analyze latches as synchronous elements                                                              ; On                 ;      ;    ;             ;
; Enable Recovery/Removal analysis                                                                     ; Off                ;      ;    ;             ;
; Enable Clock Latency                                                                                 ; Off                ;      ;    ;             ;
; Use TimeQuest Timing Analyzer                                                                        ; Off                ;      ;    ;             ;
; Number of source nodes to report per destination node                                                ; 10                 ;      ;    ;             ;
; Number of destination nodes to report                                                                ; 10                 ;      ;    ;             ;
; Number of paths to report                                                                            ; 200                ;      ;    ;             ;
; Report Minimum Timing Checks                                                                         ; Off                ;      ;    ;             ;
; Use Fast Timing Models                                                                               ; Off                ;      ;    ;             ;
; Report IO Paths Separately                                                                           ; Off                ;      ;    ;             ;
; Perform Multicorner Analysis                                                                         ; Off                ;      ;    ;             ;
; Reports the worst-case path for each clock domain and analysis                                       ; Off                ;      ;    ;             ;
; Reports worst-case timing paths for each clock domain and analysis                                   ; On                 ;      ;    ;             ;
; Specifies the maximum number of worst-case timing paths to report for each clock domain and analysis ; 100                ;      ;    ;             ;
; Removes common clock path pessimism (CCPP) during slack computation                                  ; Off                ;      ;    ;             ;
; Output I/O Timing Endpoint                                                                           ; Near End           ;      ;    ;             ;
+------------------------------------------------------------------------------------------------------+--------------------+------+----+-------------+


+------------------------------------------------------------------------------------------------------------------------------------------------------------------------------------+
; Clock Settings Summary                                                                                                                                                             ;
+-----------------+--------------------+----------+------------------+---------------+--------------+----------+-----------------------+---------------------+--------+--------------+
; Clock Node Name ; Clock Setting Name ; Type     ; Fmax Requirement ; Early Latency ; Late Latency ; Based on ; Multiply Base Fmax by ; Divide Base Fmax by ; Offset ; Phase offset ;
+-----------------+--------------------+----------+------------------+---------------+--------------+----------+-----------------------+---------------------+--------+--------------+
; Clock           ;                    ; User Pin ; None             ; 0.000 ns      ; 0.000 ns     ; --       ; N/A                   ; N/A                 ; N/A    ;              ;
; reset           ;                    ; User Pin ; None             ; 0.000 ns      ; 0.000 ns     ; --       ; N/A                   ; N/A                 ; N/A    ;              ;
+-----------------+--------------------+----------+------------------+---------------+--------------+----------+-----------------------+---------------------+--------+--------------+


Parallel compilation was disabled, but you have multiple processors available. Enable parallel compilation to reduce compilation time.
+-------------------------------------+
; Parallel Compilation                ;
+----------------------------+--------+
; Processors                 ; Number ;
+----------------------------+--------+
; Number detected on machine ; 4      ;
; Maximum allowed            ; 1      ;
+----------------------------+--------+


+------------------------------------------------------------------------------------------------------------------------------------------------------------------------------------------------------------------------------------------------------------------------------------------------------+
; Clock Setup: 'Clock'                                                                                                                                                                                                                                                                                 ;
+-----------------------------------------+-----------------------------------------------------+---------------------------------------------+--------------------------------------------+------------+----------+-----------------------------+---------------------------+-------------------------+
; Slack                                   ; Actual fmax (period)                                ; From                                        ; To                                         ; From Clock ; To Clock ; Required Setup Relationship ; Required Longest P2P Time ; Actual Longest P2P Time ;
+-----------------------------------------+-----------------------------------------------------+---------------------------------------------+--------------------------------------------+------------+----------+-----------------------------+---------------------------+-------------------------+
; N/A                                     ; 140.49 MHz ( period = 7.118 ns )                    ; sender:inst1|data                           ; receiver:inst|\receiving_process:hamin[8]  ; Clock      ; Clock    ; None                        ; None                      ; 3.384 ns                ;
; N/A                                     ; 140.61 MHz ( period = 7.112 ns )                    ; sender:inst1|data                           ; receiver:inst|\receiving_process:hamin[7]  ; Clock      ; Clock    ; None                        ; None                      ; 3.381 ns                ;
; N/A                                     ; 140.77 MHz ( period = 7.104 ns )                    ; sender:inst1|data                           ; receiver:inst|\receiving_process:hamin[9]  ; Clock      ; Clock    ; None                        ; None                      ; 3.377 ns                ;
; N/A                                     ; 145.05 MHz ( period = 6.894 ns )                    ; receiver:inst|\receiving_process:hamin[10]  ; receiver:inst|\receiving_process:hamin[8]  ; Clock      ; Clock    ; None                        ; None                      ; 6.691 ns                ;
; N/A                                     ; 145.12 MHz ( period = 6.891 ns )                    ; receiver:inst|\receiving_process:hamin[10]  ; receiver:inst|\receiving_process:hamin[7]  ; Clock      ; Clock    ; None                        ; None                      ; 6.688 ns                ;
; N/A                                     ; 145.20 MHz ( period = 6.887 ns )                    ; receiver:inst|\receiving_process:hamin[10]  ; receiver:inst|\receiving_process:hamin[9]  ; Clock      ; Clock    ; None                        ; None                      ; 6.684 ns                ;
; N/A                                     ; 147.04 MHz ( period = 6.801 ns )                    ; receiver:inst|\receiving_process:hamin[8]   ; receiver:inst|\receiving_process:hamin[8]  ; Clock      ; Clock    ; None                        ; None                      ; 6.599 ns                ;
; N/A                                     ; 147.10 MHz ( period = 6.798 ns )                    ; receiver:inst|\receiving_process:hamin[8]   ; receiver:inst|\receiving_process:hamin[7]  ; Clock      ; Clock    ; None                        ; None                      ; 6.596 ns                ;
; N/A                                     ; 147.19 MHz ( period = 6.794 ns )                    ; receiver:inst|\receiving_process:hamin[8]   ; receiver:inst|\receiving_process:hamin[9]  ; Clock      ; Clock    ; None                        ; None                      ; 6.592 ns                ;
; N/A                                     ; 148.21 MHz ( period = 6.747 ns )                    ; receiver:inst|\receiving_process:hamin[6]   ; receiver:inst|\receiving_process:hamin[8]  ; Clock      ; Clock    ; None                        ; None                      ; 6.544 ns                ;
; N/A                                     ; 148.28 MHz ( period = 6.744 ns )                    ; receiver:inst|\receiving_process:hamin[6]   ; receiver:inst|\receiving_process:hamin[7]  ; Clock      ; Clock    ; None                        ; None                      ; 6.541 ns                ;
; N/A                                     ; 148.37 MHz ( period = 6.740 ns )                    ; receiver:inst|\receiving_process:hamin[6]   ; receiver:inst|\receiving_process:hamin[9]  ; Clock      ; Clock    ; None                        ; None                      ; 6.537 ns                ;
; N/A                                     ; 148.41 MHz ( period = 6.738 ns )                    ; sender:inst1|data                           ; receiver:inst|\receiving_process:hamin[2]  ; Clock      ; Clock    ; None                        ; None                      ; 3.195 ns                ;
; N/A                                     ; 148.46 MHz ( period = 6.736 ns )                    ; sender:inst1|data                           ; receiver:inst|\receiving_process:hamin[1]  ; Clock      ; Clock    ; None                        ; None                      ; 3.194 ns                ;
; N/A                                     ; 148.63 MHz ( period = 6.728 ns )                    ; sender:inst1|data                           ; receiver:inst|\receiving_process:hamin[6]  ; Clock      ; Clock    ; None                        ; None                      ; 3.190 ns                ;
; N/A                                     ; 148.68 MHz ( period = 6.726 ns )                    ; sender:inst1|data                           ; receiver:inst|\receiving_process:hamin[0]  ; Clock      ; Clock    ; None                        ; None                      ; 3.189 ns                ;
; N/A                                     ; 148.77 MHz ( period = 6.722 ns )                    ; sender:inst1|data                           ; receiver:inst|\receiving_process:hamin[10] ; Clock      ; Clock    ; None                        ; None                      ; 3.187 ns                ;
; N/A                                     ; 149.16 MHz ( period = 6.704 ns )                    ; receiver:inst|\receiving_process:hamin[10]  ; receiver:inst|\receiving_process:hamin[2]  ; Clock      ; Clock    ; None                        ; None                      ; 6.502 ns                ;
; N/A                                     ; 149.19 MHz ( period = 6.703 ns )                    ; receiver:inst|\receiving_process:hamin[10]  ; receiver:inst|\receiving_process:hamin[1]  ; Clock      ; Clock    ; None                        ; None                      ; 6.501 ns                ;
; N/A                                     ; 149.28 MHz ( period = 6.699 ns )                    ; receiver:inst|\receiving_process:hamin[10]  ; receiver:inst|\receiving_process:hamin[6]  ; Clock      ; Clock    ; None                        ; None                      ; 6.497 ns                ;
; N/A                                     ; 149.30 MHz ( period = 6.698 ns )                    ; receiver:inst|\receiving_process:hamin[10]  ; receiver:inst|\receiving_process:hamin[0]  ; Clock      ; Clock    ; None                        ; None                      ; 6.496 ns                ;
; N/A                                     ; 149.34 MHz ( period = 6.696 ns )                    ; receiver:inst|\receiving_process:hamin[10]  ; receiver:inst|\receiving_process:hamin[10] ; Clock      ; Clock    ; None                        ; None                      ; 6.494 ns                ;
; N/A                                     ; 150.47 MHz ( period = 6.646 ns )                    ; receiver:inst|\receiving_process:hamin[0]   ; receiver:inst|\receiving_process:hamin[8]  ; Clock      ; Clock    ; None                        ; None                      ; 6.443 ns                ;
; N/A                                     ; 150.53 MHz ( period = 6.643 ns )                    ; receiver:inst|\receiving_process:hamin[0]   ; receiver:inst|\receiving_process:hamin[7]  ; Clock      ; Clock    ; None                        ; None                      ; 6.440 ns                ;
; N/A                                     ; 150.63 MHz ( period = 6.639 ns )                    ; receiver:inst|\receiving_process:hamin[0]   ; receiver:inst|\receiving_process:hamin[9]  ; Clock      ; Clock    ; None                        ; None                      ; 6.436 ns                ;
; N/A                                     ; 150.81 MHz ( period = 6.631 ns )                    ; receiver:inst|\receiving_process:pairity[0] ; receiver:inst|\receiving_process:hamin[8]  ; Clock      ; Clock    ; None                        ; None                      ; 6.429 ns                ;
; N/A                                     ; 150.88 MHz ( period = 6.628 ns )                    ; receiver:inst|\receiving_process:pairity[0] ; receiver:inst|\receiving_process:hamin[7]  ; Clock      ; Clock    ; None                        ; None                      ; 6.426 ns                ;
; N/A                                     ; 150.97 MHz ( period = 6.624 ns )                    ; receiver:inst|\receiving_process:pairity[0] ; receiver:inst|\receiving_process:hamin[9]  ; Clock      ; Clock    ; None                        ; None                      ; 6.422 ns                ;
; N/A                                     ; 150.99 MHz ( period = 6.623 ns )                    ; receiver:inst|\receiving_process:hamin[9]   ; receiver:inst|\receiving_process:hamin[8]  ; Clock      ; Clock    ; None                        ; None                      ; 6.421 ns                ;
; N/A                                     ; 151.06 MHz ( period = 6.620 ns )                    ; receiver:inst|\receiving_process:hamin[9]   ; receiver:inst|\receiving_process:hamin[7]  ; Clock      ; Clock    ; None                        ; None                      ; 6.418 ns                ;
; N/A                                     ; 151.15 MHz ( period = 6.616 ns )                    ; receiver:inst|\receiving_process:hamin[9]   ; receiver:inst|\receiving_process:hamin[9]  ; Clock      ; Clock    ; None                        ; None                      ; 6.414 ns                ;
; N/A                                     ; 151.26 MHz ( period = 6.611 ns )                    ; receiver:inst|\receiving_process:hamin[8]   ; receiver:inst|\receiving_process:hamin[2]  ; Clock      ; Clock    ; None                        ; None                      ; 6.410 ns                ;
; N/A                                     ; 151.29 MHz ( period = 6.610 ns )                    ; receiver:inst|\receiving_process:hamin[8]   ; receiver:inst|\receiving_process:hamin[1]  ; Clock      ; Clock    ; None                        ; None                      ; 6.409 ns                ;
; N/A                                     ; 151.38 MHz ( period = 6.606 ns )                    ; receiver:inst|\receiving_process:hamin[8]   ; receiver:inst|\receiving_process:hamin[6]  ; Clock      ; Clock    ; None                        ; None                      ; 6.405 ns                ;
; N/A                                     ; 151.40 MHz ( period = 6.605 ns )                    ; receiver:inst|\receiving_process:hamin[8]   ; receiver:inst|\receiving_process:hamin[0]  ; Clock      ; Clock    ; None                        ; None                      ; 6.404 ns                ;
; N/A                                     ; 151.45 MHz ( period = 6.603 ns )                    ; receiver:inst|\receiving_process:hamin[8]   ; receiver:inst|\receiving_process:hamin[10] ; Clock      ; Clock    ; None                        ; None                      ; 6.402 ns                ;
; N/A                                     ; 152.51 MHz ( period = 6.557 ns )                    ; receiver:inst|\receiving_process:hamin[6]   ; receiver:inst|\receiving_process:hamin[2]  ; Clock      ; Clock    ; None                        ; None                      ; 6.355 ns                ;
; N/A                                     ; 152.53 MHz ( period = 6.556 ns )                    ; receiver:inst|\receiving_process:hamin[6]   ; receiver:inst|\receiving_process:hamin[1]  ; Clock      ; Clock    ; None                        ; None                      ; 6.354 ns                ;
; N/A                                     ; 152.63 MHz ( period = 6.552 ns )                    ; receiver:inst|\receiving_process:hamin[6]   ; receiver:inst|\receiving_process:hamin[6]  ; Clock      ; Clock    ; None                        ; None                      ; 6.350 ns                ;
; N/A                                     ; 152.65 MHz ( period = 6.551 ns )                    ; receiver:inst|\receiving_process:hamin[6]   ; receiver:inst|\receiving_process:hamin[0]  ; Clock      ; Clock    ; None                        ; None                      ; 6.349 ns                ;
; N/A                                     ; 152.70 MHz ( period = 6.549 ns )                    ; receiver:inst|\receiving_process:hamin[6]   ; receiver:inst|\receiving_process:hamin[10] ; Clock      ; Clock    ; None                        ; None                      ; 6.347 ns                ;
; N/A                                     ; 152.84 MHz ( period = 6.543 ns )                    ; receiver:inst|\receiving_process:hamin[2]   ; receiver:inst|\receiving_process:hamin[8]  ; Clock      ; Clock    ; None                        ; None                      ; 6.340 ns                ;
; N/A                                     ; 152.91 MHz ( period = 6.540 ns )                    ; receiver:inst|\receiving_process:hamin[2]   ; receiver:inst|\receiving_process:hamin[7]  ; Clock      ; Clock    ; None                        ; None                      ; 6.337 ns                ;
; N/A                                     ; 153.00 MHz ( period = 6.536 ns )                    ; receiver:inst|\receiving_process:hamin[2]   ; receiver:inst|\receiving_process:hamin[9]  ; Clock      ; Clock    ; None                        ; None                      ; 6.333 ns                ;
; N/A                                     ; 154.56 MHz ( period = 6.470 ns )                    ; receiver:inst|\receiving_process:hamin[10]  ; receiver:inst|\receiving_process:hamin[5]  ; Clock      ; Clock    ; None                        ; None                      ; 6.268 ns                ;
; N/A                                     ; 154.89 MHz ( period = 6.456 ns )                    ; receiver:inst|\receiving_process:hamin[0]   ; receiver:inst|\receiving_process:hamin[2]  ; Clock      ; Clock    ; None                        ; None                      ; 6.254 ns                ;
; N/A                                     ; 154.92 MHz ( period = 6.455 ns )                    ; receiver:inst|\receiving_process:hamin[0]   ; receiver:inst|\receiving_process:hamin[1]  ; Clock      ; Clock    ; None                        ; None                      ; 6.253 ns                ;
; N/A                                     ; 155.01 MHz ( period = 6.451 ns )                    ; receiver:inst|\receiving_process:hamin[0]   ; receiver:inst|\receiving_process:hamin[6]  ; Clock      ; Clock    ; None                        ; None                      ; 6.249 ns                ;
; N/A                                     ; 155.04 MHz ( period = 6.450 ns )                    ; receiver:inst|\receiving_process:hamin[0]   ; receiver:inst|\receiving_process:hamin[0]  ; Clock      ; Clock    ; None                        ; None                      ; 6.248 ns                ;
; N/A                                     ; 155.09 MHz ( period = 6.448 ns )                    ; receiver:inst|\receiving_process:hamin[0]   ; receiver:inst|\receiving_process:hamin[10] ; Clock      ; Clock    ; None                        ; None                      ; 6.246 ns                ;
; N/A                                     ; 155.26 MHz ( period = 6.441 ns )                    ; receiver:inst|\receiving_process:pairity[0] ; receiver:inst|\receiving_process:hamin[2]  ; Clock      ; Clock    ; None                        ; None                      ; 6.240 ns                ;
; N/A                                     ; 155.28 MHz ( period = 6.440 ns )                    ; receiver:inst|\receiving_process:pairity[0] ; receiver:inst|\receiving_process:hamin[1]  ; Clock      ; Clock    ; None                        ; None                      ; 6.239 ns                ;
; N/A                                     ; 155.38 MHz ( period = 6.436 ns )                    ; receiver:inst|\receiving_process:pairity[0] ; receiver:inst|\receiving_process:hamin[6]  ; Clock      ; Clock    ; None                        ; None                      ; 6.235 ns                ;
; N/A                                     ; 155.40 MHz ( period = 6.435 ns )                    ; receiver:inst|\receiving_process:pairity[0] ; receiver:inst|\receiving_process:hamin[0]  ; Clock      ; Clock    ; None                        ; None                      ; 6.234 ns                ;
; N/A                                     ; 155.45 MHz ( period = 6.433 ns )                    ; receiver:inst|\receiving_process:pairity[0] ; receiver:inst|\receiving_process:hamin[10] ; Clock      ; Clock    ; None                        ; None                      ; 6.232 ns                ;
; N/A                                     ; 155.45 MHz ( period = 6.433 ns )                    ; receiver:inst|\receiving_process:hamin[9]   ; receiver:inst|\receiving_process:hamin[2]  ; Clock      ; Clock    ; None                        ; None                      ; 6.232 ns                ;
; N/A                                     ; 155.47 MHz ( period = 6.432 ns )                    ; receiver:inst|\receiving_process:hamin[9]   ; receiver:inst|\receiving_process:hamin[1]  ; Clock      ; Clock    ; None                        ; None                      ; 6.231 ns                ;
; N/A                                     ; 155.57 MHz ( period = 6.428 ns )                    ; receiver:inst|\receiving_process:hamin[9]   ; receiver:inst|\receiving_process:hamin[6]  ; Clock      ; Clock    ; None                        ; None                      ; 6.227 ns                ;
; N/A                                     ; 155.59 MHz ( period = 6.427 ns )                    ; receiver:inst|\receiving_process:hamin[9]   ; receiver:inst|\receiving_process:hamin[0]  ; Clock      ; Clock    ; None                        ; None                      ; 6.226 ns                ;
; N/A                                     ; 155.64 MHz ( period = 6.425 ns )                    ; receiver:inst|\receiving_process:hamin[9]   ; receiver:inst|\receiving_process:hamin[10] ; Clock      ; Clock    ; None                        ; None                      ; 6.224 ns                ;
; N/A                                     ; 156.81 MHz ( period = 6.377 ns )                    ; receiver:inst|\receiving_process:hamin[8]   ; receiver:inst|\receiving_process:hamin[5]  ; Clock      ; Clock    ; None                        ; None                      ; 6.176 ns                ;
; N/A                                     ; 157.06 MHz ( period = 6.367 ns )                    ; receiver:inst|\receiving_process:hamin[4]   ; receiver:inst|\receiving_process:hamin[8]  ; Clock      ; Clock    ; None                        ; None                      ; 6.164 ns                ;
; N/A                                     ; 157.13 MHz ( period = 6.364 ns )                    ; receiver:inst|\receiving_process:hamin[4]   ; receiver:inst|\receiving_process:hamin[7]  ; Clock      ; Clock    ; None                        ; None                      ; 6.161 ns                ;
; N/A                                     ; 157.23 MHz ( period = 6.360 ns )                    ; receiver:inst|\receiving_process:hamin[4]   ; receiver:inst|\receiving_process:hamin[9]  ; Clock      ; Clock    ; None                        ; None                      ; 6.157 ns                ;
; N/A                                     ; 157.36 MHz ( period = 6.355 ns )                    ; receiver:inst|\receiving_process:hamin[10]  ; receiver:inst|\receiving_process:hamin[4]  ; Clock      ; Clock    ; None                        ; None                      ; 6.153 ns                ;
; N/A                                     ; 157.41 MHz ( period = 6.353 ns )                    ; receiver:inst|\receiving_process:hamin[2]   ; receiver:inst|\receiving_process:hamin[2]  ; Clock      ; Clock    ; None                        ; None                      ; 6.151 ns                ;
; N/A                                     ; 157.43 MHz ( period = 6.352 ns )                    ; receiver:inst|\receiving_process:hamin[2]   ; receiver:inst|\receiving_process:hamin[1]  ; Clock      ; Clock    ; None                        ; None                      ; 6.150 ns                ;
; N/A                                     ; 157.43 MHz ( period = 6.352 ns )                    ; receiver:inst|\receiving_process:hamin[10]  ; receiver:inst|\receiving_process:hamin[3]  ; Clock      ; Clock    ; None                        ; None                      ; 6.150 ns                ;
; N/A                                     ; 157.53 MHz ( period = 6.348 ns )                    ; receiver:inst|\receiving_process:hamin[2]   ; receiver:inst|\receiving_process:hamin[6]  ; Clock      ; Clock    ; None                        ; None                      ; 6.146 ns                ;
; N/A                                     ; 157.55 MHz ( period = 6.347 ns )                    ; receiver:inst|\receiving_process:hamin[2]   ; receiver:inst|\receiving_process:hamin[0]  ; Clock      ; Clock    ; None                        ; None                      ; 6.145 ns                ;
; N/A                                     ; 157.60 MHz ( period = 6.345 ns )                    ; receiver:inst|\receiving_process:hamin[2]   ; receiver:inst|\receiving_process:hamin[10] ; Clock      ; Clock    ; None                        ; None                      ; 6.143 ns                ;
; N/A                                     ; 158.13 MHz ( period = 6.324 ns )                    ; receiver:inst|\receiving_process:counter[3] ; receiver:inst|\receiving_process:hamin[11] ; Clock      ; Clock    ; None                        ; None                      ; 6.121 ns                ;
; N/A                                     ; 158.15 MHz ( period = 6.323 ns )                    ; receiver:inst|\receiving_process:hamin[6]   ; receiver:inst|\receiving_process:hamin[5]  ; Clock      ; Clock    ; None                        ; None                      ; 6.121 ns                ;
; N/A                                     ; 158.58 MHz ( period = 6.306 ns )                    ; receiver:inst|\receiving_process:hamin[10]  ; receiver:inst|output[7]                    ; Clock      ; Clock    ; None                        ; None                      ; 6.103 ns                ;
; N/A                                     ; 158.58 MHz ( period = 6.306 ns )                    ; receiver:inst|\receiving_process:hamin[10]  ; receiver:inst|output[4]                    ; Clock      ; Clock    ; None                        ; None                      ; 6.103 ns                ;
; N/A                                     ; 158.68 MHz ( period = 6.302 ns )                    ; receiver:inst|\receiving_process:hamin[10]  ; receiver:inst|output[6]                    ; Clock      ; Clock    ; None                        ; None                      ; 6.099 ns                ;
; N/A                                     ; 159.49 MHz ( period = 6.270 ns )                    ; sender:inst1|data                           ; receiver:inst|\receiving_process:hamin[5]  ; Clock      ; Clock    ; None                        ; None                      ; 2.961 ns                ;
; N/A                                     ; 159.69 MHz ( period = 6.262 ns )                    ; receiver:inst|\receiving_process:hamin[8]   ; receiver:inst|\receiving_process:hamin[4]  ; Clock      ; Clock    ; None                        ; None                      ; 6.061 ns                ;
; N/A                                     ; 159.77 MHz ( period = 6.259 ns )                    ; receiver:inst|\receiving_process:hamin[8]   ; receiver:inst|\receiving_process:hamin[3]  ; Clock      ; Clock    ; None                        ; None                      ; 6.058 ns                ;
; N/A                                     ; 159.85 MHz ( period = 6.256 ns )                    ; interupter:inst2|act                        ; receiver:inst|\receiving_process:hamin[8]  ; Clock      ; Clock    ; None                        ; None                      ; 2.926 ns                ;
; N/A                                     ; 160.00 MHz ( period = 6.250 ns )                    ; interupter:inst2|act                        ; receiver:inst|\receiving_process:hamin[7]  ; Clock      ; Clock    ; None                        ; None                      ; 2.923 ns                ;
; N/A                                     ; 160.08 MHz ( period = 6.247 ns )                    ; receiver:inst|\receiving_process:hamin[10]  ; receiver:inst|output[5]                    ; Clock      ; Clock    ; None                        ; None                      ; 6.044 ns                ;
; N/A                                     ; 160.13 MHz ( period = 6.245 ns )                    ; receiver:inst|\receiving_process:hamin[10]  ; receiver:inst|output[3]                    ; Clock      ; Clock    ; None                        ; None                      ; 6.042 ns                ;
; N/A                                     ; 160.21 MHz ( period = 6.242 ns )                    ; interupter:inst2|act                        ; receiver:inst|\receiving_process:hamin[9]  ; Clock      ; Clock    ; None                        ; None                      ; 2.919 ns                ;
; N/A                                     ; 160.23 MHz ( period = 6.241 ns )                    ; receiver:inst|\receiving_process:hamin[10]  ; receiver:inst|output[0]                    ; Clock      ; Clock    ; None                        ; None                      ; 6.038 ns                ;
; N/A                                     ; 160.26 MHz ( period = 6.240 ns )                    ; receiver:inst|\receiving_process:counter[3] ; receiver:inst|\receiving_process:hamin[10] ; Clock      ; Clock    ; None                        ; None                      ; 6.038 ns                ;
; N/A                                     ; 160.28 MHz ( period = 6.239 ns )                    ; receiver:inst|\receiving_process:hamin[10]  ; receiver:inst|output[1]                    ; Clock      ; Clock    ; None                        ; None                      ; 6.036 ns                ;
; N/A                                     ; 160.72 MHz ( period = 6.222 ns )                    ; receiver:inst|\receiving_process:hamin[0]   ; receiver:inst|\receiving_process:hamin[5]  ; Clock      ; Clock    ; None                        ; None                      ; 6.020 ns                ;
; N/A                                     ; 160.90 MHz ( period = 6.215 ns )                    ; receiver:inst|\receiving_process:hamin[11]  ; receiver:inst|\receiving_process:hamin[8]  ; Clock      ; Clock    ; None                        ; None                      ; 6.013 ns                ;
; N/A                                     ; 160.95 MHz ( period = 6.213 ns )                    ; receiver:inst|\receiving_process:hamin[8]   ; receiver:inst|output[7]                    ; Clock      ; Clock    ; None                        ; None                      ; 6.011 ns                ;
; N/A                                     ; 160.95 MHz ( period = 6.213 ns )                    ; receiver:inst|\receiving_process:hamin[8]   ; receiver:inst|output[4]                    ; Clock      ; Clock    ; None                        ; None                      ; 6.011 ns                ;
; N/A                                     ; 160.98 MHz ( period = 6.212 ns )                    ; receiver:inst|\receiving_process:hamin[11]  ; receiver:inst|\receiving_process:hamin[7]  ; Clock      ; Clock    ; None                        ; None                      ; 6.010 ns                ;
; N/A                                     ; 161.06 MHz ( period = 6.209 ns )                    ; receiver:inst|\receiving_process:hamin[8]   ; receiver:inst|output[6]                    ; Clock      ; Clock    ; None                        ; None                      ; 6.007 ns                ;
; N/A                                     ; 161.08 MHz ( period = 6.208 ns )                    ; receiver:inst|\receiving_process:hamin[11]  ; receiver:inst|\receiving_process:hamin[9]  ; Clock      ; Clock    ; None                        ; None                      ; 6.006 ns                ;
; N/A                                     ; 161.08 MHz ( period = 6.208 ns )                    ; receiver:inst|\receiving_process:hamin[6]   ; receiver:inst|\receiving_process:hamin[4]  ; Clock      ; Clock    ; None                        ; None                      ; 6.006 ns                ;
; N/A                                     ; 161.11 MHz ( period = 6.207 ns )                    ; receiver:inst|\receiving_process:pairity[0] ; receiver:inst|\receiving_process:hamin[5]  ; Clock      ; Clock    ; None                        ; None                      ; 6.006 ns                ;
; N/A                                     ; 161.16 MHz ( period = 6.205 ns )                    ; receiver:inst|\receiving_process:hamin[6]   ; receiver:inst|\receiving_process:hamin[3]  ; Clock      ; Clock    ; None                        ; None                      ; 6.003 ns                ;
; N/A                                     ; 161.29 MHz ( period = 6.200 ns )                    ; receiver:inst|\receiving_process:counter[0] ; receiver:inst|\receiving_process:hamin[11] ; Clock      ; Clock    ; None                        ; None                      ; 5.998 ns                ;
; N/A                                     ; 161.32 MHz ( period = 6.199 ns )                    ; receiver:inst|\receiving_process:hamin[9]   ; receiver:inst|\receiving_process:hamin[5]  ; Clock      ; Clock    ; None                        ; None                      ; 5.998 ns                ;
; N/A                                     ; 161.47 MHz ( period = 6.193 ns )                    ; receiver:inst|\receiving_process:hamin[1]   ; receiver:inst|\receiving_process:hamin[8]  ; Clock      ; Clock    ; None                        ; None                      ; 5.990 ns                ;
; N/A                                     ; 161.55 MHz ( period = 6.190 ns )                    ; receiver:inst|\receiving_process:hamin[1]   ; receiver:inst|\receiving_process:hamin[7]  ; Clock      ; Clock    ; None                        ; None                      ; 5.987 ns                ;
; N/A                                     ; 161.58 MHz ( period = 6.189 ns )                    ; receiver:inst|\receiving_process:counter[2] ; receiver:inst|\receiving_process:hamin[11] ; Clock      ; Clock    ; None                        ; None                      ; 5.986 ns                ;
; N/A                                     ; 161.63 MHz ( period = 6.187 ns )                    ; receiver:inst|\receiving_process:pairity[1] ; receiver:inst|\receiving_process:hamin[8]  ; Clock      ; Clock    ; None                        ; None                      ; 5.984 ns                ;
; N/A                                     ; 161.66 MHz ( period = 6.186 ns )                    ; receiver:inst|\receiving_process:hamin[1]   ; receiver:inst|\receiving_process:hamin[9]  ; Clock      ; Clock    ; None                        ; None                      ; 5.983 ns                ;
; N/A                                     ; 161.71 MHz ( period = 6.184 ns )                    ; receiver:inst|\receiving_process:pairity[1] ; receiver:inst|\receiving_process:hamin[7]  ; Clock      ; Clock    ; None                        ; None                      ; 5.981 ns                ;
; N/A                                     ; 161.81 MHz ( period = 6.180 ns )                    ; receiver:inst|\receiving_process:pairity[1] ; receiver:inst|\receiving_process:hamin[9]  ; Clock      ; Clock    ; None                        ; None                      ; 5.977 ns                ;
; N/A                                     ; 161.89 MHz ( period = 6.177 ns )                    ; receiver:inst|\receiving_process:hamin[4]   ; receiver:inst|\receiving_process:hamin[2]  ; Clock      ; Clock    ; None                        ; None                      ; 5.975 ns                ;
; N/A                                     ; 161.92 MHz ( period = 6.176 ns )                    ; receiver:inst|\receiving_process:hamin[4]   ; receiver:inst|\receiving_process:hamin[1]  ; Clock      ; Clock    ; None                        ; None                      ; 5.974 ns                ;
; N/A                                     ; 162.02 MHz ( period = 6.172 ns )                    ; receiver:inst|\receiving_process:hamin[4]   ; receiver:inst|\receiving_process:hamin[6]  ; Clock      ; Clock    ; None                        ; None                      ; 5.970 ns                ;
; N/A                                     ; 162.05 MHz ( period = 6.171 ns )                    ; receiver:inst|\receiving_process:hamin[4]   ; receiver:inst|\receiving_process:hamin[0]  ; Clock      ; Clock    ; None                        ; None                      ; 5.969 ns                ;
; N/A                                     ; 162.10 MHz ( period = 6.169 ns )                    ; receiver:inst|\receiving_process:hamin[4]   ; receiver:inst|\receiving_process:hamin[10] ; Clock      ; Clock    ; None                        ; None                      ; 5.967 ns                ;
; N/A                                     ; 162.36 MHz ( period = 6.159 ns )                    ; receiver:inst|\receiving_process:hamin[6]   ; receiver:inst|output[7]                    ; Clock      ; Clock    ; None                        ; None                      ; 5.956 ns                ;
; N/A                                     ; 162.36 MHz ( period = 6.159 ns )                    ; receiver:inst|\receiving_process:hamin[6]   ; receiver:inst|output[4]                    ; Clock      ; Clock    ; None                        ; None                      ; 5.956 ns                ;
; N/A                                     ; 162.47 MHz ( period = 6.155 ns )                    ; receiver:inst|\receiving_process:hamin[6]   ; receiver:inst|output[6]                    ; Clock      ; Clock    ; None                        ; None                      ; 5.952 ns                ;
; N/A                                     ; 162.50 MHz ( period = 6.154 ns )                    ; receiver:inst|\receiving_process:hamin[8]   ; receiver:inst|output[5]                    ; Clock      ; Clock    ; None                        ; None                      ; 5.952 ns                ;
; N/A                                     ; 162.55 MHz ( period = 6.152 ns )                    ; receiver:inst|\receiving_process:hamin[8]   ; receiver:inst|output[3]                    ; Clock      ; Clock    ; None                        ; None                      ; 5.950 ns                ;
; N/A                                     ; 162.65 MHz ( period = 6.148 ns )                    ; receiver:inst|\receiving_process:hamin[8]   ; receiver:inst|output[0]                    ; Clock      ; Clock    ; None                        ; None                      ; 5.946 ns                ;
; N/A                                     ; 162.71 MHz ( period = 6.146 ns )                    ; receiver:inst|\receiving_process:hamin[8]   ; receiver:inst|output[1]                    ; Clock      ; Clock    ; None                        ; None                      ; 5.944 ns                ;
; N/A                                     ; 163.43 MHz ( period = 6.119 ns )                    ; receiver:inst|\receiving_process:hamin[2]   ; receiver:inst|\receiving_process:hamin[5]  ; Clock      ; Clock    ; None                        ; None                      ; 5.917 ns                ;
; N/A                                     ; 163.51 MHz ( period = 6.116 ns )                    ; receiver:inst|\receiving_process:counter[0] ; receiver:inst|\receiving_process:hamin[10] ; Clock      ; Clock    ; None                        ; None                      ; 5.915 ns                ;
; N/A                                     ; 163.75 MHz ( period = 6.107 ns )                    ; receiver:inst|\receiving_process:hamin[0]   ; receiver:inst|\receiving_process:hamin[4]  ; Clock      ; Clock    ; None                        ; None                      ; 5.905 ns                ;
; N/A                                     ; 163.80 MHz ( period = 6.105 ns )                    ; receiver:inst|\receiving_process:counter[2] ; receiver:inst|\receiving_process:hamin[10] ; Clock      ; Clock    ; None                        ; None                      ; 5.903 ns                ;
; N/A                                     ; 163.83 MHz ( period = 6.104 ns )                    ; receiver:inst|\receiving_process:hamin[0]   ; receiver:inst|\receiving_process:hamin[3]  ; Clock      ; Clock    ; None                        ; None                      ; 5.902 ns                ;
; N/A                                     ; 163.93 MHz ( period = 6.100 ns )                    ; receiver:inst|\receiving_process:hamin[6]   ; receiver:inst|output[5]                    ; Clock      ; Clock    ; None                        ; None                      ; 5.897 ns                ;
; N/A                                     ; 163.99 MHz ( period = 6.098 ns )                    ; receiver:inst|\receiving_process:hamin[6]   ; receiver:inst|output[3]                    ; Clock      ; Clock    ; None                        ; None                      ; 5.895 ns                ;
; N/A                                     ; 164.10 MHz ( period = 6.094 ns )                    ; receiver:inst|\receiving_process:hamin[6]   ; receiver:inst|output[0]                    ; Clock      ; Clock    ; None                        ; None                      ; 5.891 ns                ;
; N/A                                     ; 164.15 MHz ( period = 6.092 ns )                    ; receiver:inst|\receiving_process:hamin[6]   ; receiver:inst|output[1]                    ; Clock      ; Clock    ; None                        ; None                      ; 5.889 ns                ;
; N/A                                     ; 164.15 MHz ( period = 6.092 ns )                    ; receiver:inst|\receiving_process:pairity[0] ; receiver:inst|\receiving_process:hamin[4]  ; Clock      ; Clock    ; None                        ; None                      ; 5.891 ns                ;
; N/A                                     ; 164.23 MHz ( period = 6.089 ns )                    ; receiver:inst|\receiving_process:pairity[0] ; receiver:inst|\receiving_process:hamin[3]  ; Clock      ; Clock    ; None                        ; None                      ; 5.888 ns                ;
; N/A                                     ; 164.37 MHz ( period = 6.084 ns )                    ; receiver:inst|\receiving_process:hamin[9]   ; receiver:inst|\receiving_process:hamin[4]  ; Clock      ; Clock    ; None                        ; None                      ; 5.883 ns                ;
; N/A                                     ; 164.45 MHz ( period = 6.081 ns )                    ; receiver:inst|\receiving_process:hamin[9]   ; receiver:inst|\receiving_process:hamin[3]  ; Clock      ; Clock    ; None                        ; None                      ; 5.880 ns                ;
; N/A                                     ; 164.88 MHz ( period = 6.065 ns )                    ; receiver:inst|\receiving_process:hamin[5]   ; receiver:inst|\receiving_process:hamin[8]  ; Clock      ; Clock    ; None                        ; None                      ; 5.862 ns                ;
; N/A                                     ; 164.96 MHz ( period = 6.062 ns )                    ; receiver:inst|\receiving_process:hamin[5]   ; receiver:inst|\receiving_process:hamin[7]  ; Clock      ; Clock    ; None                        ; None                      ; 5.859 ns                ;
; N/A                                     ; 165.07 MHz ( period = 6.058 ns )                    ; receiver:inst|\receiving_process:hamin[0]   ; receiver:inst|output[7]                    ; Clock      ; Clock    ; None                        ; None                      ; 5.855 ns                ;
; N/A                                     ; 165.07 MHz ( period = 6.058 ns )                    ; receiver:inst|\receiving_process:hamin[5]   ; receiver:inst|\receiving_process:hamin[9]  ; Clock      ; Clock    ; None                        ; None                      ; 5.855 ns                ;
; N/A                                     ; 165.07 MHz ( period = 6.058 ns )                    ; receiver:inst|\receiving_process:hamin[0]   ; receiver:inst|output[4]                    ; Clock      ; Clock    ; None                        ; None                      ; 5.855 ns                ;
; N/A                                     ; 165.18 MHz ( period = 6.054 ns )                    ; receiver:inst|\receiving_process:hamin[0]   ; receiver:inst|output[6]                    ; Clock      ; Clock    ; None                        ; None                      ; 5.851 ns                ;
; N/A                                     ; 165.43 MHz ( period = 6.045 ns )                    ; receiver:inst|\receiving_process:hamin[10]  ; receiver:inst|output[2]                    ; Clock      ; Clock    ; None                        ; None                      ; 5.842 ns                ;
; N/A                                     ; 165.48 MHz ( period = 6.043 ns )                    ; receiver:inst|\receiving_process:pairity[0] ; receiver:inst|output[7]                    ; Clock      ; Clock    ; None                        ; None                      ; 5.841 ns                ;
; N/A                                     ; 165.48 MHz ( period = 6.043 ns )                    ; receiver:inst|\receiving_process:pairity[0] ; receiver:inst|output[4]                    ; Clock      ; Clock    ; None                        ; None                      ; 5.841 ns                ;
; N/A                                     ; 165.56 MHz ( period = 6.040 ns )                    ; sender:inst1|data                           ; receiver:inst|\receiving_process:hamin[4]  ; Clock      ; Clock    ; None                        ; None                      ; 2.846 ns                ;
; N/A                                     ; 165.59 MHz ( period = 6.039 ns )                    ; receiver:inst|\receiving_process:pairity[0] ; receiver:inst|output[6]                    ; Clock      ; Clock    ; None                        ; None                      ; 5.837 ns                ;
; N/A                                     ; 165.70 MHz ( period = 6.035 ns )                    ; receiver:inst|\receiving_process:hamin[9]   ; receiver:inst|output[7]                    ; Clock      ; Clock    ; None                        ; None                      ; 5.833 ns                ;
; N/A                                     ; 165.70 MHz ( period = 6.035 ns )                    ; receiver:inst|\receiving_process:hamin[9]   ; receiver:inst|output[4]                    ; Clock      ; Clock    ; None                        ; None                      ; 5.833 ns                ;
; N/A                                     ; 165.73 MHz ( period = 6.034 ns )                    ; receiver:inst|\receiving_process:counter[3] ; receiver:inst|\receiving_process:hamin[0]  ; Clock      ; Clock    ; None                        ; None                      ; 5.832 ns                ;
; N/A                                     ; 165.73 MHz ( period = 6.034 ns )                    ; sender:inst1|data                           ; receiver:inst|\receiving_process:hamin[3]  ; Clock      ; Clock    ; None                        ; None                      ; 2.843 ns                ;
; N/A                                     ; 165.78 MHz ( period = 6.032 ns )                    ; receiver:inst|\receiving_process:hamin[3]   ; receiver:inst|\receiving_process:hamin[8]  ; Clock      ; Clock    ; None                        ; None                      ; 5.829 ns                ;
; N/A                                     ; 165.81 MHz ( period = 6.031 ns )                    ; receiver:inst|\receiving_process:hamin[9]   ; receiver:inst|output[6]                    ; Clock      ; Clock    ; None                        ; None                      ; 5.829 ns                ;
; N/A                                     ; 165.86 MHz ( period = 6.029 ns )                    ; receiver:inst|\receiving_process:hamin[3]   ; receiver:inst|\receiving_process:hamin[7]  ; Clock      ; Clock    ; None                        ; None                      ; 5.826 ns                ;
; N/A                                     ; 165.98 MHz ( period = 6.025 ns )                    ; receiver:inst|\receiving_process:hamin[3]   ; receiver:inst|\receiving_process:hamin[9]  ; Clock      ; Clock    ; None                        ; None                      ; 5.822 ns                ;
; N/A                                     ; 165.98 MHz ( period = 6.025 ns )                    ; receiver:inst|\receiving_process:hamin[11]  ; receiver:inst|\receiving_process:hamin[2]  ; Clock      ; Clock    ; None                        ; None                      ; 5.824 ns                ;
; N/A                                     ; 166.00 MHz ( period = 6.024 ns )                    ; receiver:inst|\receiving_process:hamin[11]  ; receiver:inst|\receiving_process:hamin[1]  ; Clock      ; Clock    ; None                        ; None                      ; 5.823 ns                ;
; N/A                                     ; 166.11 MHz ( period = 6.020 ns )                    ; receiver:inst|\receiving_process:hamin[11]  ; receiver:inst|\receiving_process:hamin[6]  ; Clock      ; Clock    ; None                        ; None                      ; 5.819 ns                ;
; N/A                                     ; 166.14 MHz ( period = 6.019 ns )                    ; receiver:inst|\receiving_process:hamin[11]  ; receiver:inst|\receiving_process:hamin[0]  ; Clock      ; Clock    ; None                        ; None                      ; 5.818 ns                ;
; N/A                                     ; 166.20 MHz ( period = 6.017 ns )                    ; receiver:inst|\receiving_process:hamin[11]  ; receiver:inst|\receiving_process:hamin[10] ; Clock      ; Clock    ; None                        ; None                      ; 5.816 ns                ;
; N/A                                     ; 166.56 MHz ( period = 6.004 ns )                    ; receiver:inst|\receiving_process:hamin[2]   ; receiver:inst|\receiving_process:hamin[4]  ; Clock      ; Clock    ; None                        ; None                      ; 5.802 ns                ;
; N/A                                     ; 166.58 MHz ( period = 6.003 ns )                    ; receiver:inst|\receiving_process:hamin[1]   ; receiver:inst|\receiving_process:hamin[2]  ; Clock      ; Clock    ; None                        ; None                      ; 5.801 ns                ;
; N/A                                     ; 166.61 MHz ( period = 6.002 ns )                    ; receiver:inst|\receiving_process:hamin[1]   ; receiver:inst|\receiving_process:hamin[1]  ; Clock      ; Clock    ; None                        ; None                      ; 5.800 ns                ;
; N/A                                     ; 166.64 MHz ( period = 6.001 ns )                    ; receiver:inst|\receiving_process:hamin[2]   ; receiver:inst|\receiving_process:hamin[3]  ; Clock      ; Clock    ; None                        ; None                      ; 5.799 ns                ;
; N/A                                     ; 166.69 MHz ( period = 5.999 ns )                    ; receiver:inst|\receiving_process:hamin[0]   ; receiver:inst|output[5]                    ; Clock      ; Clock    ; None                        ; None                      ; 5.796 ns                ;
; N/A                                     ; 166.72 MHz ( period = 5.998 ns )                    ; receiver:inst|\receiving_process:hamin[1]   ; receiver:inst|\receiving_process:hamin[6]  ; Clock      ; Clock    ; None                        ; None                      ; 5.796 ns                ;
; N/A                                     ; 166.75 MHz ( period = 5.997 ns )                    ; receiver:inst|\receiving_process:hamin[0]   ; receiver:inst|output[3]                    ; Clock      ; Clock    ; None                        ; None                      ; 5.794 ns                ;
; N/A                                     ; 166.75 MHz ( period = 5.997 ns )                    ; receiver:inst|\receiving_process:pairity[1] ; receiver:inst|\receiving_process:hamin[2]  ; Clock      ; Clock    ; None                        ; None                      ; 5.795 ns                ;
; N/A                                     ; 166.75 MHz ( period = 5.997 ns )                    ; receiver:inst|\receiving_process:hamin[1]   ; receiver:inst|\receiving_process:hamin[0]  ; Clock      ; Clock    ; None                        ; None                      ; 5.795 ns                ;
; N/A                                     ; 166.78 MHz ( period = 5.996 ns )                    ; receiver:inst|\receiving_process:pairity[1] ; receiver:inst|\receiving_process:hamin[1]  ; Clock      ; Clock    ; None                        ; None                      ; 5.794 ns                ;
; N/A                                     ; 166.81 MHz ( period = 5.995 ns )                    ; receiver:inst|\receiving_process:hamin[1]   ; receiver:inst|\receiving_process:hamin[10] ; Clock      ; Clock    ; None                        ; None                      ; 5.793 ns                ;
; N/A                                     ; 166.86 MHz ( period = 5.993 ns )                    ; receiver:inst|\receiving_process:hamin[0]   ; receiver:inst|output[0]                    ; Clock      ; Clock    ; None                        ; None                      ; 5.790 ns                ;
; N/A                                     ; 166.89 MHz ( period = 5.992 ns )                    ; receiver:inst|\receiving_process:pairity[1] ; receiver:inst|\receiving_process:hamin[6]  ; Clock      ; Clock    ; None                        ; None                      ; 5.790 ns                ;
; N/A                                     ; 166.92 MHz ( period = 5.991 ns )                    ; receiver:inst|\receiving_process:hamin[0]   ; receiver:inst|output[1]                    ; Clock      ; Clock    ; None                        ; None                      ; 5.788 ns                ;
; N/A                                     ; 166.92 MHz ( period = 5.991 ns )                    ; receiver:inst|\receiving_process:pairity[1] ; receiver:inst|\receiving_process:hamin[0]  ; Clock      ; Clock    ; None                        ; None                      ; 5.789 ns                ;
; N/A                                     ; 166.97 MHz ( period = 5.989 ns )                    ; receiver:inst|\receiving_process:pairity[1] ; receiver:inst|\receiving_process:hamin[10] ; Clock      ; Clock    ; None                        ; None                      ; 5.787 ns                ;
; N/A                                     ; 167.11 MHz ( period = 5.984 ns )                    ; receiver:inst|\receiving_process:pairity[0] ; receiver:inst|output[5]                    ; Clock      ; Clock    ; None                        ; None                      ; 5.782 ns                ;
; N/A                                     ; 167.17 MHz ( period = 5.982 ns )                    ; receiver:inst|\receiving_process:pairity[0] ; receiver:inst|output[3]                    ; Clock      ; Clock    ; None                        ; None                      ; 5.780 ns                ;
; N/A                                     ; 167.28 MHz ( period = 5.978 ns )                    ; receiver:inst|\receiving_process:pairity[0] ; receiver:inst|output[0]                    ; Clock      ; Clock    ; None                        ; None                      ; 5.776 ns                ;
; N/A                                     ; 167.34 MHz ( period = 5.976 ns )                    ; receiver:inst|\receiving_process:hamin[9]   ; receiver:inst|output[5]                    ; Clock      ; Clock    ; None                        ; None                      ; 5.774 ns                ;
; N/A                                     ; 167.34 MHz ( period = 5.976 ns )                    ; receiver:inst|\receiving_process:pairity[0] ; receiver:inst|output[1]                    ; Clock      ; Clock    ; None                        ; None                      ; 5.774 ns                ;
; N/A                                     ; 167.39 MHz ( period = 5.974 ns )                    ; receiver:inst|\receiving_process:hamin[9]   ; receiver:inst|output[3]                    ; Clock      ; Clock    ; None                        ; None                      ; 5.772 ns                ;
; N/A                                     ; 167.50 MHz ( period = 5.970 ns )                    ; receiver:inst|\receiving_process:hamin[9]   ; receiver:inst|output[0]                    ; Clock      ; Clock    ; None                        ; None                      ; 5.768 ns                ;
; N/A                                     ; 167.56 MHz ( period = 5.968 ns )                    ; receiver:inst|\receiving_process:hamin[9]   ; receiver:inst|output[1]                    ; Clock      ; Clock    ; None                        ; None                      ; 5.766 ns                ;
; N/A                                     ; 167.59 MHz ( period = 5.967 ns )                    ; receiver:inst|\receiving_process:counter[3] ; receiver:inst|\receiving_process:hamin[6]  ; Clock      ; Clock    ; None                        ; None                      ; 5.765 ns                ;
; N/A                                     ; 167.76 MHz ( period = 5.961 ns )                    ; receiver:inst|\receiving_process:counter[3] ; receiver:inst|\receiving_process:hamin[2]  ; Clock      ; Clock    ; None                        ; None                      ; 5.759 ns                ;
; N/A                                     ; 167.93 MHz ( period = 5.955 ns )                    ; receiver:inst|\receiving_process:hamin[2]   ; receiver:inst|output[7]                    ; Clock      ; Clock    ; None                        ; None                      ; 5.752 ns                ;
; N/A                                     ; 167.93 MHz ( period = 5.955 ns )                    ; receiver:inst|\receiving_process:hamin[2]   ; receiver:inst|output[4]                    ; Clock      ; Clock    ; None                        ; None                      ; 5.752 ns                ;
; N/A                                     ; 168.01 MHz ( period = 5.952 ns )                    ; receiver:inst|\receiving_process:hamin[8]   ; receiver:inst|output[2]                    ; Clock      ; Clock    ; None                        ; None                      ; 5.750 ns                ;
; N/A                                     ; 168.01 MHz ( period = 5.952 ns )                    ; receiver:inst|\receiving_process:counter[3] ; receiver:inst|\receiving_process:hamin[1]  ; Clock      ; Clock    ; None                        ; None                      ; 5.750 ns                ;
; N/A                                     ; 168.04 MHz ( period = 5.951 ns )                    ; receiver:inst|\receiving_process:hamin[2]   ; receiver:inst|output[6]                    ; Clock      ; Clock    ; None                        ; None                      ; 5.748 ns                ;
; N/A                                     ; 168.27 MHz ( period = 5.943 ns )                    ; receiver:inst|\receiving_process:hamin[4]   ; receiver:inst|\receiving_process:hamin[5]  ; Clock      ; Clock    ; None                        ; None                      ; 5.741 ns                ;
; N/A                                     ; 168.58 MHz ( period = 5.932 ns )                    ; receiver:inst|\receiving_process:hamin[7]   ; receiver:inst|\receiving_process:hamin[8]  ; Clock      ; Clock    ; None                        ; None                      ; 5.730 ns                ;
; N/A                                     ; 168.66 MHz ( period = 5.929 ns )                    ; receiver:inst|\receiving_process:hamin[7]   ; receiver:inst|\receiving_process:hamin[7]  ; Clock      ; Clock    ; None                        ; None                      ; 5.727 ns                ;
; N/A                                     ; 168.78 MHz ( period = 5.925 ns )                    ; receiver:inst|\receiving_process:hamin[7]   ; receiver:inst|\receiving_process:hamin[9]  ; Clock      ; Clock    ; None                        ; None                      ; 5.723 ns                ;
; N/A                                     ; 169.20 MHz ( period = 5.910 ns )                    ; receiver:inst|\receiving_process:counter[0] ; receiver:inst|\receiving_process:hamin[0]  ; Clock      ; Clock    ; None                        ; None                      ; 5.709 ns                ;
; N/A                                     ; 169.52 MHz ( period = 5.899 ns )                    ; receiver:inst|\receiving_process:counter[2] ; receiver:inst|\receiving_process:hamin[0]  ; Clock      ; Clock    ; None                        ; None                      ; 5.697 ns                ;
; N/A                                     ; 169.55 MHz ( period = 5.898 ns )                    ; receiver:inst|\receiving_process:hamin[6]   ; receiver:inst|output[2]                    ; Clock      ; Clock    ; None                        ; None                      ; 5.695 ns                ;
; N/A                                     ; 169.61 MHz ( period = 5.896 ns )                    ; receiver:inst|\receiving_process:hamin[2]   ; receiver:inst|output[5]                    ; Clock      ; Clock    ; None                        ; None                      ; 5.693 ns                ;
; N/A                                     ; 169.66 MHz ( period = 5.894 ns )                    ; receiver:inst|\receiving_process:hamin[2]   ; receiver:inst|output[3]                    ; Clock      ; Clock    ; None                        ; None                      ; 5.691 ns                ;
; N/A                                     ; 169.78 MHz ( period = 5.890 ns )                    ; receiver:inst|\receiving_process:hamin[2]   ; receiver:inst|output[0]                    ; Clock      ; Clock    ; None                        ; None                      ; 5.687 ns                ;
; N/A                                     ; 169.84 MHz ( period = 5.888 ns )                    ; receiver:inst|\receiving_process:hamin[2]   ; receiver:inst|output[1]                    ; Clock      ; Clock    ; None                        ; None                      ; 5.685 ns                ;
; N/A                                     ; 170.07 MHz ( period = 5.880 ns )                    ; receiver:inst|\receiving_process:pairity[2] ; receiver:inst|\receiving_process:hamin[8]  ; Clock      ; Clock    ; None                        ; None                      ; 5.677 ns                ;
; N/A                                     ; 170.15 MHz ( period = 5.877 ns )                    ; receiver:inst|\receiving_process:pairity[2] ; receiver:inst|\receiving_process:hamin[7]  ; Clock      ; Clock    ; None                        ; None                      ; 5.674 ns                ;
; N/A                                     ; 170.18 MHz ( period = 5.876 ns )                    ; interupter:inst2|act                        ; receiver:inst|\receiving_process:hamin[2]  ; Clock      ; Clock    ; None                        ; None                      ; 2.737 ns                ;
; Timing analysis restricted to 200 rows. ; To change the limit use Settings (Assignments menu) ;                                             ;                                            ;            ;          ;                             ;                           ;                         ;
+-----------------------------------------+-----------------------------------------------------+---------------------------------------------+--------------------------------------------+------------+----------+-----------------------------+---------------------------+-------------------------+


+-------------------------------------------------------------------------------------------------------------------+
; tsu                                                                                                               ;
+-------+--------------+------------+--------------------+-----------------------------------------------+----------+
; Slack ; Required tsu ; Actual tsu ; From               ; To                                            ; To Clock ;
+-------+--------------+------------+--------------------+-----------------------------------------------+----------+
; N/A   ; None         ; 5.618 ns   ; ReverseBitIndex[1] ; interupter:inst2|act                          ; Clock    ;
; N/A   ; None         ; 5.254 ns   ; input[3]           ; sender:inst1|hamout[1]                        ; reset    ;
; N/A   ; None         ; 5.161 ns   ; input[0]           ; sender:inst1|hamout[1]                        ; reset    ;
; N/A   ; None         ; 5.148 ns   ; input[2]           ; sender:inst1|hamout[3]                        ; reset    ;
; N/A   ; None         ; 5.083 ns   ; input[2]           ; sender:inst1|hamout[1]                        ; reset    ;
; N/A   ; None         ; 5.036 ns   ; ReverseBitIndex[2] ; interupter:inst2|act                          ; Clock    ;
; N/A   ; None         ; 4.805 ns   ; input[2]           ; sender:inst1|hamout[5]                        ; reset    ;
; N/A   ; None         ; 4.698 ns   ; input[6]           ; sender:inst1|hamout[1]                        ; reset    ;
; N/A   ; None         ; 4.570 ns   ; ReverseBitIndex[3] ; interupter:inst2|act                          ; Clock    ;
; N/A   ; None         ; 4.442 ns   ; ReverseBitIndex[0] ; interupter:inst2|act                          ; Clock    ;
; N/A   ; None         ; 4.267 ns   ; input[3]           ; sender:inst1|hamout[6]                        ; reset    ;
; N/A   ; None         ; 4.259 ns   ; input[0]           ; sender:inst1|hamout[0]                        ; reset    ;
; N/A   ; None         ; 4.253 ns   ; input[4]           ; sender:inst1|hamout[7]                        ; reset    ;
; N/A   ; None         ; 4.191 ns   ; input[3]           ; sender:inst1|hamout[0]                        ; reset    ;
; N/A   ; None         ; 4.190 ns   ; input[3]           ; sender:inst1|hamout[3]                        ; reset    ;
; N/A   ; None         ; 4.061 ns   ; input[5]           ; sender:inst1|hamout[7]                        ; reset    ;
; N/A   ; None         ; 3.947 ns   ; input[6]           ; sender:inst1|hamout[0]                        ; reset    ;
; N/A   ; None         ; 3.930 ns   ; input[0]           ; sender:inst1|hamout[2]                        ; reset    ;
; N/A   ; None         ; 3.929 ns   ; input[5]           ; sender:inst1|hamout[9]                        ; reset    ;
; N/A   ; None         ; 3.917 ns   ; input[4]           ; sender:inst1|hamout[8]                        ; reset    ;
; N/A   ; None         ; 3.843 ns   ; input[5]           ; sender:inst1|hamout[1]                        ; reset    ;
; N/A   ; None         ; 3.731 ns   ; input[6]           ; sender:inst1|hamout[7]                        ; reset    ;
; N/A   ; None         ; 3.715 ns   ; input[1]           ; sender:inst1|hamout[3]                        ; reset    ;
; N/A   ; None         ; 3.714 ns   ; input[1]           ; sender:inst1|hamout[0]                        ; reset    ;
; N/A   ; None         ; 3.587 ns   ; input[7]           ; sender:inst1|hamout[7]                        ; reset    ;
; N/A   ; None         ; 3.585 ns   ; input[7]           ; sender:inst1|hamout[3]                        ; reset    ;
; N/A   ; None         ; 3.566 ns   ; input[6]           ; sender:inst1|hamout[10]                       ; reset    ;
; N/A   ; None         ; 3.546 ns   ; reset              ; receiver:inst|\receiving_process:hamin[11]    ; Clock    ;
; N/A   ; None         ; 3.460 ns   ; reset              ; receiver:inst|\receiving_process:hamin[10]    ; Clock    ;
; N/A   ; None         ; 3.312 ns   ; input[1]           ; sender:inst1|hamout[4]                        ; reset    ;
; N/A   ; None         ; 3.307 ns   ; input[7]           ; sender:inst1|hamout[11]                       ; reset    ;
; N/A   ; None         ; 3.256 ns   ; reset              ; receiver:inst|\receiving_process:hamin[0]     ; Clock    ;
; N/A   ; None         ; 3.187 ns   ; reset              ; receiver:inst|\receiving_process:hamin[6]     ; Clock    ;
; N/A   ; None         ; 3.181 ns   ; reset              ; receiver:inst|\receiving_process:hamin[2]     ; Clock    ;
; N/A   ; None         ; 3.172 ns   ; reset              ; receiver:inst|\receiving_process:hamin[1]     ; Clock    ;
; N/A   ; None         ; 2.783 ns   ; reset              ; receiver:inst|\receiving_process:hamin[9]     ; Clock    ;
; N/A   ; None         ; 2.710 ns   ; reset              ; receiver:inst|\receiving_process:hamin[8]     ; Clock    ;
; N/A   ; None         ; 2.707 ns   ; reset              ; receiver:inst|\receiving_process:hamin[7]     ; Clock    ;
; N/A   ; None         ; 2.561 ns   ; reset              ; receiver:inst|output[5]                       ; Clock    ;
; N/A   ; None         ; 2.561 ns   ; reset              ; receiver:inst|output[3]                       ; Clock    ;
; N/A   ; None         ; 2.561 ns   ; reset              ; receiver:inst|output[2]                       ; Clock    ;
; N/A   ; None         ; 2.561 ns   ; reset              ; receiver:inst|output[1]                       ; Clock    ;
; N/A   ; None         ; 2.561 ns   ; reset              ; receiver:inst|output[0]                       ; Clock    ;
; N/A   ; None         ; 2.335 ns   ; reset              ; receiver:inst|\receiving_process:hamin[3]     ; Clock    ;
; N/A   ; None         ; 2.327 ns   ; reset              ; receiver:inst|\receiving_process:hamin[4]     ; Clock    ;
; N/A   ; None         ; 2.177 ns   ; reset              ; receiver:inst|\receiving_process:hamin[5]     ; Clock    ;
; N/A   ; None         ; 1.992 ns   ; reset              ; receiver:inst|output[7]                       ; Clock    ;
; N/A   ; None         ; 1.992 ns   ; reset              ; receiver:inst|output[6]                       ; Clock    ;
; N/A   ; None         ; 1.992 ns   ; reset              ; receiver:inst|output[4]                       ; Clock    ;
; N/A   ; None         ; 1.216 ns   ; reset              ; sender:inst1|\send_process:counter[1]         ; Clock    ;
; N/A   ; None         ; 1.215 ns   ; reset              ; sender:inst1|\send_process:counter[2]         ; Clock    ;
; N/A   ; None         ; 0.997 ns   ; reset              ; sender:inst1|\send_process:counter[3]         ; Clock    ;
; N/A   ; None         ; 0.933 ns   ; Clock              ; sender:inst1|\send_process:counter[1]         ; Clock    ;
; N/A   ; None         ; 0.932 ns   ; Clock              ; sender:inst1|\send_process:counter[2]         ; Clock    ;
; N/A   ; None         ; 0.714 ns   ; Clock              ; sender:inst1|\send_process:counter[3]         ; Clock    ;
; N/A   ; None         ; 0.679 ns   ; reset              ; receiver:inst|\receiving_process:pairity[1]   ; Clock    ;
; N/A   ; None         ; 0.654 ns   ; reset              ; receiver:inst|ready                           ; Clock    ;
; N/A   ; None         ; 0.654 ns   ; reset              ; receiver:inst|\receiving_process:pairity[0]   ; Clock    ;
; N/A   ; None         ; 0.646 ns   ; reset              ; interupter:inst2|act                          ; Clock    ;
; N/A   ; None         ; 0.632 ns   ; reset              ; receiver:inst|\receiving_process:counter[3]   ; Clock    ;
; N/A   ; None         ; 0.614 ns   ; reset              ; sender:inst1|sent                             ; Clock    ;
; N/A   ; None         ; 0.605 ns   ; reset              ; receiver:inst|\receiving_process:pairity[3]   ; Clock    ;
; N/A   ; None         ; 0.603 ns   ; reset              ; receiver:inst|\receiving_process:pairity[2]   ; Clock    ;
; N/A   ; None         ; 0.544 ns   ; reset              ; receiver:inst|\receiving_process:counter[2]   ; Clock    ;
; N/A   ; None         ; 0.530 ns   ; reset              ; sender:inst1|data                             ; Clock    ;
; N/A   ; None         ; 0.522 ns   ; reset              ; receiver:inst|\receiving_process:counter[0]   ; Clock    ;
; N/A   ; None         ; 0.514 ns   ; reset              ; interupter:inst2|\interruptProcess:counter[3] ; Clock    ;
; N/A   ; None         ; 0.513 ns   ; reset              ; interupter:inst2|\interruptProcess:counter[1] ; Clock    ;
; N/A   ; None         ; 0.471 ns   ; reset              ; receiver:inst|\receiving_process:counter[1]   ; Clock    ;
; N/A   ; None         ; 0.468 ns   ; reset              ; interupter:inst2|\interruptProcess:counter[0] ; Clock    ;
; N/A   ; None         ; 0.466 ns   ; Clock              ; sender:inst1|\send_process:counter[0]         ; Clock    ;
; N/A   ; None         ; 0.144 ns   ; reset              ; sender:inst1|\send_process:counter[0]         ; Clock    ;
; N/A   ; None         ; 0.127 ns   ; reset              ; interupter:inst2|\interruptProcess:counter[2] ; Clock    ;
+-------+--------------+------------+--------------------+-----------------------------------------------+----------+


+--------------------------------------------------------------------------------------+
; tco                                                                                  ;
+-------+--------------+------------+-------------------------+-----------+------------+
; Slack ; Required tco ; Actual tco ; From                    ; To        ; From Clock ;
+-------+--------------+------------+-------------------------+-----------+------------+
; N/A   ; None         ; 7.375 ns   ; receiver:inst|output[5] ; output[5] ; Clock      ;
; N/A   ; None         ; 6.464 ns   ; receiver:inst|output[7] ; output[7] ; Clock      ;
; N/A   ; None         ; 6.177 ns   ; receiver:inst|ready     ; ready     ; Clock      ;
; N/A   ; None         ; 6.078 ns   ; receiver:inst|output[0] ; output[0] ; Clock      ;
; N/A   ; None         ; 5.871 ns   ; receiver:inst|output[1] ; output[1] ; Clock      ;
; N/A   ; None         ; 5.825 ns   ; receiver:inst|output[2] ; output[2] ; Clock      ;
; N/A   ; None         ; 5.804 ns   ; sender:inst1|sent       ; sent      ; Clock      ;
; N/A   ; None         ; 5.623 ns   ; receiver:inst|output[4] ; output[4] ; Clock      ;
; N/A   ; None         ; 5.535 ns   ; receiver:inst|output[3] ; output[3] ; Clock      ;
; N/A   ; None         ; 5.290 ns   ; receiver:inst|output[6] ; output[6] ; Clock      ;
+-------+--------------+------------+-------------------------+-----------+------------+


+-------------------------------------------------------------------------------------------------------------------------+
; th                                                                                                                      ;
+---------------+-------------+-----------+--------------------+-----------------------------------------------+----------+
; Minimum Slack ; Required th ; Actual th ; From               ; To                                            ; To Clock ;
+---------------+-------------+-----------+--------------------+-----------------------------------------------+----------+
; N/A           ; None        ; -0.086 ns ; reset              ; interupter:inst2|\interruptProcess:counter[2] ; Clock    ;
; N/A           ; None        ; -0.103 ns ; reset              ; sender:inst1|\send_process:counter[0]         ; Clock    ;
; N/A           ; None        ; -0.425 ns ; Clock              ; sender:inst1|\send_process:counter[0]         ; Clock    ;
; N/A           ; None        ; -0.427 ns ; reset              ; interupter:inst2|\interruptProcess:counter[0] ; Clock    ;
; N/A           ; None        ; -0.430 ns ; reset              ; receiver:inst|\receiving_process:counter[1]   ; Clock    ;
; N/A           ; None        ; -0.472 ns ; reset              ; interupter:inst2|\interruptProcess:counter[1] ; Clock    ;
; N/A           ; None        ; -0.473 ns ; reset              ; interupter:inst2|\interruptProcess:counter[3] ; Clock    ;
; N/A           ; None        ; -0.481 ns ; reset              ; receiver:inst|\receiving_process:counter[0]   ; Clock    ;
; N/A           ; None        ; -0.489 ns ; reset              ; sender:inst1|data                             ; Clock    ;
; N/A           ; None        ; -0.503 ns ; reset              ; receiver:inst|\receiving_process:counter[2]   ; Clock    ;
; N/A           ; None        ; -0.562 ns ; reset              ; receiver:inst|\receiving_process:pairity[2]   ; Clock    ;
; N/A           ; None        ; -0.564 ns ; reset              ; receiver:inst|\receiving_process:pairity[3]   ; Clock    ;
; N/A           ; None        ; -0.573 ns ; reset              ; sender:inst1|sent                             ; Clock    ;
; N/A           ; None        ; -0.591 ns ; reset              ; receiver:inst|\receiving_process:counter[3]   ; Clock    ;
; N/A           ; None        ; -0.605 ns ; reset              ; interupter:inst2|act                          ; Clock    ;
; N/A           ; None        ; -0.613 ns ; reset              ; receiver:inst|ready                           ; Clock    ;
; N/A           ; None        ; -0.613 ns ; reset              ; receiver:inst|\receiving_process:pairity[0]   ; Clock    ;
; N/A           ; None        ; -0.638 ns ; reset              ; receiver:inst|\receiving_process:pairity[1]   ; Clock    ;
; N/A           ; None        ; -0.673 ns ; Clock              ; sender:inst1|\send_process:counter[3]         ; Clock    ;
; N/A           ; None        ; -0.891 ns ; Clock              ; sender:inst1|\send_process:counter[2]         ; Clock    ;
; N/A           ; None        ; -0.892 ns ; Clock              ; sender:inst1|\send_process:counter[1]         ; Clock    ;
; N/A           ; None        ; -0.956 ns ; reset              ; sender:inst1|\send_process:counter[3]         ; Clock    ;
; N/A           ; None        ; -1.174 ns ; reset              ; sender:inst1|\send_process:counter[2]         ; Clock    ;
; N/A           ; None        ; -1.175 ns ; reset              ; sender:inst1|\send_process:counter[1]         ; Clock    ;
; N/A           ; None        ; -1.935 ns ; reset              ; receiver:inst|\receiving_process:hamin[5]     ; Clock    ;
; N/A           ; None        ; -1.951 ns ; reset              ; receiver:inst|output[7]                       ; Clock    ;
; N/A           ; None        ; -1.951 ns ; reset              ; receiver:inst|output[6]                       ; Clock    ;
; N/A           ; None        ; -1.951 ns ; reset              ; receiver:inst|output[4]                       ; Clock    ;
; N/A           ; None        ; -2.085 ns ; reset              ; receiver:inst|\receiving_process:hamin[4]     ; Clock    ;
; N/A           ; None        ; -2.093 ns ; reset              ; receiver:inst|\receiving_process:hamin[3]     ; Clock    ;
; N/A           ; None        ; -2.211 ns ; reset              ; receiver:inst|\receiving_process:hamin[7]     ; Clock    ;
; N/A           ; None        ; -2.213 ns ; reset              ; receiver:inst|\receiving_process:hamin[8]     ; Clock    ;
; N/A           ; None        ; -2.266 ns ; reset              ; receiver:inst|\receiving_process:hamin[9]     ; Clock    ;
; N/A           ; None        ; -2.415 ns ; reset              ; receiver:inst|\receiving_process:hamin[0]     ; Clock    ;
; N/A           ; None        ; -2.520 ns ; reset              ; receiver:inst|output[5]                       ; Clock    ;
; N/A           ; None        ; -2.520 ns ; reset              ; receiver:inst|output[3]                       ; Clock    ;
; N/A           ; None        ; -2.520 ns ; reset              ; receiver:inst|output[2]                       ; Clock    ;
; N/A           ; None        ; -2.520 ns ; reset              ; receiver:inst|output[1]                       ; Clock    ;
; N/A           ; None        ; -2.520 ns ; reset              ; receiver:inst|output[0]                       ; Clock    ;
; N/A           ; None        ; -2.651 ns ; reset              ; receiver:inst|\receiving_process:hamin[1]     ; Clock    ;
; N/A           ; None        ; -2.662 ns ; reset              ; receiver:inst|\receiving_process:hamin[2]     ; Clock    ;
; N/A           ; None        ; -2.669 ns ; reset              ; receiver:inst|\receiving_process:hamin[6]     ; Clock    ;
; N/A           ; None        ; -2.873 ns ; reset              ; receiver:inst|\receiving_process:hamin[10]    ; Clock    ;
; N/A           ; None        ; -2.984 ns ; reset              ; receiver:inst|\receiving_process:hamin[11]    ; Clock    ;
; N/A           ; None        ; -3.266 ns ; input[7]           ; sender:inst1|hamout[11]                       ; reset    ;
; N/A           ; None        ; -3.271 ns ; input[1]           ; sender:inst1|hamout[4]                        ; reset    ;
; N/A           ; None        ; -3.525 ns ; input[6]           ; sender:inst1|hamout[10]                       ; reset    ;
; N/A           ; None        ; -3.544 ns ; input[7]           ; sender:inst1|hamout[3]                        ; reset    ;
; N/A           ; None        ; -3.546 ns ; input[7]           ; sender:inst1|hamout[7]                        ; reset    ;
; N/A           ; None        ; -3.673 ns ; input[1]           ; sender:inst1|hamout[0]                        ; reset    ;
; N/A           ; None        ; -3.674 ns ; input[1]           ; sender:inst1|hamout[3]                        ; reset    ;
; N/A           ; None        ; -3.690 ns ; input[6]           ; sender:inst1|hamout[7]                        ; reset    ;
; N/A           ; None        ; -3.802 ns ; input[5]           ; sender:inst1|hamout[1]                        ; reset    ;
; N/A           ; None        ; -3.876 ns ; input[4]           ; sender:inst1|hamout[8]                        ; reset    ;
; N/A           ; None        ; -3.888 ns ; input[5]           ; sender:inst1|hamout[9]                        ; reset    ;
; N/A           ; None        ; -3.889 ns ; input[0]           ; sender:inst1|hamout[2]                        ; reset    ;
; N/A           ; None        ; -3.906 ns ; input[6]           ; sender:inst1|hamout[0]                        ; reset    ;
; N/A           ; None        ; -4.020 ns ; input[5]           ; sender:inst1|hamout[7]                        ; reset    ;
; N/A           ; None        ; -4.050 ns ; ReverseBitIndex[0] ; interupter:inst2|act                          ; Clock    ;
; N/A           ; None        ; -4.149 ns ; input[3]           ; sender:inst1|hamout[3]                        ; reset    ;
; N/A           ; None        ; -4.150 ns ; input[3]           ; sender:inst1|hamout[0]                        ; reset    ;
; N/A           ; None        ; -4.212 ns ; input[4]           ; sender:inst1|hamout[7]                        ; reset    ;
; N/A           ; None        ; -4.218 ns ; input[0]           ; sender:inst1|hamout[0]                        ; reset    ;
; N/A           ; None        ; -4.226 ns ; input[3]           ; sender:inst1|hamout[6]                        ; reset    ;
; N/A           ; None        ; -4.529 ns ; ReverseBitIndex[3] ; interupter:inst2|act                          ; Clock    ;
; N/A           ; None        ; -4.657 ns ; input[6]           ; sender:inst1|hamout[1]                        ; reset    ;
; N/A           ; None        ; -4.764 ns ; input[2]           ; sender:inst1|hamout[5]                        ; reset    ;
; N/A           ; None        ; -4.783 ns ; ReverseBitIndex[2] ; interupter:inst2|act                          ; Clock    ;
; N/A           ; None        ; -5.042 ns ; input[2]           ; sender:inst1|hamout[1]                        ; reset    ;
; N/A           ; None        ; -5.107 ns ; input[2]           ; sender:inst1|hamout[3]                        ; reset    ;
; N/A           ; None        ; -5.120 ns ; input[0]           ; sender:inst1|hamout[1]                        ; reset    ;
; N/A           ; None        ; -5.213 ns ; input[3]           ; sender:inst1|hamout[1]                        ; reset    ;
; N/A           ; None        ; -5.241 ns ; ReverseBitIndex[1] ; interupter:inst2|act                          ; Clock    ;
+---------------+-------------+-----------+--------------------+-----------------------------------------------+----------+


+--------------------------+
; Timing Analyzer Messages ;
+--------------------------+
Info: *******************************************************************
Info: Running Quartus II Classic Timing Analyzer
    Info: Version 9.1 Build 350 03/24/2010 Service Pack 2 SJ Web Edition
    Info: Processing started: Sun Jan 09 12:59:25 2022
Info: Command: quartus_tan --read_settings_files=off --write_settings_files=off Hamming -c Hamming --timing_analysis_only
Warning: Found pins functioning as undefined clocks and/or memory enables
    Info: Assuming node "Clock" is an undefined clock
    Info: Assuming node "reset" is an undefined clock
Info: Clock "Clock" has Internal fmax of 140.49 MHz between source register "sender:inst1|data" and destination register "receiver:inst|\receiving_process:hamin[8]" (period= 7.118 ns)
    Info: + Longest register to register delay is 3.384 ns
        Info: 1: + IC(0.000 ns) + CELL(0.000 ns) = 0.000 ns; Loc. = LC_X20_Y3_N6; Fanout = 2; REG Node = 'sender:inst1|data'
        Info: 2: + IC(1.563 ns) + CELL(0.088 ns) = 1.651 ns; Loc. = LC_X17_Y9_N9; Fanout = 12; COMB Node = 'receiver:inst|hamin~8'
        Info: 3: + IC(1.495 ns) + CELL(0.238 ns) = 3.384 ns; Loc. = LC_X23_Y12_N8; Fanout = 5; REG Node = 'receiver:inst|\receiving_process:hamin[8]'
        Info: Total cell delay = 0.326 ns ( 9.63 % )
        Info: Total interconnect delay = 3.058 ns ( 90.37 % )
    Info: - Smallest clock skew is 0.027 ns
        Info: + Shortest clock path from clock "Clock" to destination register is 2.166 ns
            Info: 1: + IC(0.000 ns) + CELL(1.157 ns) = 1.157 ns; Loc. = PIN_10; Fanout = 42; CLK Node = 'Clock'
            Info: 2: + IC(0.462 ns) + CELL(0.547 ns) = 2.166 ns; Loc. = LC_X23_Y12_N8; Fanout = 5; REG Node = 'receiver:inst|\receiving_process:hamin[8]'
            Info: Total cell delay = 1.704 ns ( 78.67 % )
            Info: Total interconnect delay = 0.462 ns ( 21.33 % )
        Info: - Longest clock path from clock "Clock" to source register is 2.139 ns
            Info: 1: + IC(0.000 ns) + CELL(1.157 ns) = 1.157 ns; Loc. = PIN_10; Fanout = 42; CLK Node = 'Clock'
            Info: 2: + IC(0.435 ns) + CELL(0.547 ns) = 2.139 ns; Loc. = LC_X20_Y3_N6; Fanout = 2; REG Node = 'sender:inst1|data'
            Info: Total cell delay = 1.704 ns ( 79.66 % )
            Info: Total interconnect delay = 0.435 ns ( 20.34 % )
    Info: + Micro clock to output delay of source is 0.173 ns
    Info: + Micro setup delay of destination is 0.029 ns
    Info: Delay path is controlled by inverted clocks -- if clock duty cycle is 50%, fmax is divided by two
Info: No valid register-to-register data paths exist for clock "reset"
Info: tsu for register "interupter:inst2|act" (data pin = "ReverseBitIndex[1]", clock pin = "Clock") is 5.618 ns
    Info: + Longest pin to register delay is 7.755 ns
        Info: 1: + IC(0.000 ns) + CELL(1.157 ns) = 1.157 ns; Loc. = PIN_25; Fanout = 3; PIN Node = 'ReverseBitIndex[1]'
        Info: 2: + IC(5.337 ns) + CELL(0.340 ns) = 6.834 ns; Loc. = LC_X15_Y9_N6; Fanout = 1; COMB Node = 'interupter:inst2|Equal1~1'
        Info: 3: + IC(0.353 ns) + CELL(0.568 ns) = 7.755 ns; Loc. = LC_X15_Y9_N2; Fanout = 1; REG Node = 'interupter:inst2|act'
        Info: Total cell delay = 2.065 ns ( 26.63 % )
        Info: Total interconnect delay = 5.690 ns ( 73.37 % )
    Info: + Micro setup delay of destination is 0.029 ns
    Info: - Shortest clock path from clock "Clock" to destination register is 2.166 ns
        Info: 1: + IC(0.000 ns) + CELL(1.157 ns) = 1.157 ns; Loc. = PIN_10; Fanout = 42; CLK Node = 'Clock'
        Info: 2: + IC(0.462 ns) + CELL(0.547 ns) = 2.166 ns; Loc. = LC_X15_Y9_N2; Fanout = 1; REG Node = 'interupter:inst2|act'
        Info: Total cell delay = 1.704 ns ( 78.67 % )
        Info: Total interconnect delay = 0.462 ns ( 21.33 % )
Info: tco from clock "Clock" to destination pin "output[5]" through register "receiver:inst|output[5]" is 7.375 ns
    Info: + Longest clock path from clock "Clock" to source register is 2.166 ns
        Info: 1: + IC(0.000 ns) + CELL(1.157 ns) = 1.157 ns; Loc. = PIN_10; Fanout = 42; CLK Node = 'Clock'
        Info: 2: + IC(0.462 ns) + CELL(0.547 ns) = 2.166 ns; Loc. = LC_X19_Y11_N5; Fanout = 1; REG Node = 'receiver:inst|output[5]'
        Info: Total cell delay = 1.704 ns ( 78.67 % )
        Info: Total interconnect delay = 0.462 ns ( 21.33 % )
    Info: + Micro clock to output delay of source is 0.173 ns
    Info: + Longest register to pin delay is 5.036 ns
        Info: 1: + IC(0.000 ns) + CELL(0.000 ns) = 0.000 ns; Loc. = LC_X19_Y11_N5; Fanout = 1; REG Node = 'receiver:inst|output[5]'
        Info: 2: + IC(3.204 ns) + CELL(1.832 ns) = 5.036 ns; Loc. = PIN_22; Fanout = 0; PIN Node = 'output[5]'
        Info: Total cell delay = 1.832 ns ( 36.38 % )
        Info: Total interconnect delay = 3.204 ns ( 63.62 % )
Info: th for register "interupter:inst2|\interruptProcess:counter[2]" (data pin = "reset", clock pin = "Clock") is -0.086 ns
    Info: + Longest clock path from clock "Clock" to destination register is 2.166 ns
        Info: 1: + IC(0.000 ns) + CELL(1.157 ns) = 1.157 ns; Loc. = PIN_10; Fanout = 42; CLK Node = 'Clock'
        Info: 2: + IC(0.462 ns) + CELL(0.547 ns) = 2.166 ns; Loc. = LC_X15_Y11_N2; Fanout = 3; REG Node = 'interupter:inst2|\interruptProcess:counter[2]'
        Info: Total cell delay = 1.704 ns ( 78.67 % )
        Info: Total interconnect delay = 0.462 ns ( 21.33 % )
    Info: + Micro hold delay of destination is 0.012 ns
    Info: - Shortest pin to register delay is 2.264 ns
        Info: 1: + IC(0.000 ns) + CELL(1.157 ns) = 1.157 ns; Loc. = PIN_66; Fanout = 33; CLK Node = 'reset'
        Info: 2: + IC(0.869 ns) + CELL(0.238 ns) = 2.264 ns; Loc. = LC_X15_Y11_N2; Fanout = 3; REG Node = 'interupter:inst2|\interruptProcess:counter[2]'
        Info: Total cell delay = 1.395 ns ( 61.62 % )
        Info: Total interconnect delay = 0.869 ns ( 38.38 % )
Info: Quartus II Classic Timing Analyzer was successful. 0 errors, 1 warning
    Info: Peak virtual memory: 168 megabytes
    Info: Processing ended: Sun Jan 09 12:59:25 2022
    Info: Elapsed time: 00:00:00
    Info: Total CPU time (on all processors): 00:00:00


