Database Import report for Hamming
Sat Jan 08 23:27:09 2022
Quartus II Version 9.1 Build 350 03/24/2010 Service Pack 2 SJ Web Edition


---------------------
; Table of Contents ;
---------------------
  1. Legal Notice
  2. Database Import Summary
  3. Database Import Messages



----------------
; Legal Notice ;
----------------
Copyright (C) 1991-2010 Altera Corporation
Your use of Altera Corporation's design tools, logic functions 
and other software and tools, and its AMPP partner logic 
functions, and any output files from any of the foregoing 
(including device programming or simulation files), and any 
associated documentation or information are expressly subject 
to the terms and conditions of the Altera Program License 
Subscription Agreement, Altera MegaCore Function License 
Agreement, or other applicable license agreement, including, 
without limitation, that your use is for the sole purpose of 
programming logic devices manufactured by Altera and sold by 
Altera or its authorized distributors.  Please refer to the 
applicable agreement for further details.



+------------------------------------------------------------+
; Database Import Summary                                    ;
+------------------------+-----------------------------------+
; Database Import Status ; Failed - Sat Jan 08 23:27:09 2022 ;
; Revision Name          ; Hamming                           ;
; Top-level Entity Name  ; Hamming                           ;
; Family                 ; Cyclone                           ;
; Device                 ; EP1C3T100C6                       ;
+------------------------+-----------------------------------+


+--------------------------+
; Database Import Messages ;
+--------------------------+
Info: *******************************************************************
Info: Running Quartus II Database Import
    Info: Version 9.1 Build 350 03/24/2010 Service Pack 2 SJ Web Edition
    Info: Processing started: Sat Jan 08 23:27:09 2022
Info: Command: quartus_cdb Hamming -c Hamming --import_database=C:\Users\Piotr\Desktop\altera\PSW2\db
Error: Can't read version-compatible database file C:/Users/Piotr/Desktop/altera/PSW2/db/Hamming.map.atm -- make sure the file exists and is up to date, and you have permission to read the file
Error: Quartus II Database Import was unsuccessful. 1 error, 0 warnings
    Error: Peak virtual memory: 208 megabytes
    Error: Processing ended: Sat Jan 08 23:27:09 2022
    Error: Elapsed time: 00:00:00
    Error: Total CPU time (on all processors): 00:00:00


